[debug] [2021-03-11T13:18:45.182Z] ----------------------------------------------------------------------
[debug] [2021-03-11T13:18:45.184Z] Command:       C:\Program Files\nodejs\node.exe C:\Users\Shashank Bhat\AppData\Roaming\npm\node_modules\firebase-tools\lib\bin\firebase.js init
[debug] [2021-03-11T13:18:45.184Z] CLI Version:   9.6.0
[debug] [2021-03-11T13:18:45.184Z] Platform:      win32
[debug] [2021-03-11T13:18:45.184Z] Node Version:  v12.19.0
[debug] [2021-03-11T13:18:45.185Z] Time:          Thu Mar 11 2021 18:48:45 GMT+0530 (India Standard Time)
[debug] [2021-03-11T13:18:45.185Z] ----------------------------------------------------------------------
[debug] [2021-03-11T13:18:45.185Z] 
[debug] [2021-03-11T13:18:45.189Z] > command requires scopes: ["email","openid","https://www.googleapis.com/auth/cloudplatformprojects.readonly","https://www.googleapis.com/auth/firebase","https://www.googleapis.com/auth/cloud-platform"]
[debug] [2021-03-11T13:18:45.190Z] > authorizing via signed-in user
[info] 
     ######## #### ########  ######## ########     ###     ######  ########
     ##        ##  ##     ## ##       ##     ##  ##   ##  ##       ##
     ######    ##  ########  ######   ########  #########  ######  ######
     ##        ##  ##    ##  ##       ##     ## ##     ##       ## ##
     ##       #### ##     ## ######## ########  ##     ##  ######  ########

You're about to initialize a Firebase project in this directory:

  G:\ElearningApp\lms

[info] 
=== Project Setup
[info] 
[info] First, let's associate this project directory with a Firebase project.
[info] You can create multiple project aliases by running firebase use --add, 
[info] but for now we'll just set up a default project.
[info] 
[debug] [2021-03-11T13:18:52.553Z] >>> [apiv2][query] GET https://firebase.googleapis.com/v1beta1/projects pageSize=100
[debug] [2021-03-11T13:18:53.318Z] <<< [apiv2][status] GET https://firebase.googleapis.com/v1beta1/projects 200
[debug] [2021-03-11T13:18:53.318Z] <<< [apiv2][body] GET https://firebase.googleapis.com/v1beta1/projects [omitted]
[info] i  Using project elearning-project-5423b (elearning-project) 
[info] 
=== Hosting Setup
[info] 
[info] Your public directory is the folder (relative to your project directory) that
[info] will contain Hosting assets to be uploaded with firebase deploy. If you
[info] have a build process for your assets, use your build's output directory.
[info] 
[info] +  Wrote public/404.html 
[debug] [2021-03-11T13:19:11.005Z] >>> [apiv2][query] GET https://www.gstatic.com/firebasejs/releases.json [none]
[debug] [2021-03-11T13:19:11.081Z] <<< [apiv2][status] GET https://www.gstatic.com/firebasejs/releases.json 200
[debug] [2021-03-11T13:19:11.082Z] <<< [apiv2][body] GET https://www.gstatic.com/firebasejs/releases.json {"current":{"version":"8.3.0","browserURL":"https://www.gstatic.com/firebasejs/8.3.0/firebase.js","packageURL":"https://www.gstatic.com/firebasejs/8.3.0/firebase.tgz"},"live":{"version":"8.3","browserURL":"https://www.gstatic.com/firebasejs/live/8.3/firebase.js","packageURL":"https://www.gstatic.com/firebasejs/live/8.3/firebase.tgz"},"components":{"analytics":"https://www.gstatic.com/firebasejs/8.3.0/firebase-analytics.js","app":"https://www.gstatic.com/firebasejs/8.3.0/firebase-app.js","auth":"https://www.gstatic.com/firebasejs/8.3.0/firebase-auth.js","database":"https://www.gstatic.com/firebasejs/8.3.0/firebase-database.js","firestore":"https://www.gstatic.com/firebasejs/8.3.0/firebase-firestore.js","functions":"https://www.gstatic.com/firebasejs/8.3.0/firebase-functions.js","installations":"https://www.gstatic.com/firebasejs/8.3.0/firebase-installations.js","messaging":"https://www.gstatic.com/firebasejs/8.3.0/firebase-messaging.js","storage":"https://www.gstatic.com/firebasejs/8.3.0/firebase-storage.js","performance":"https://www.gstatic.com/firebasejs/8.3.0/firebase-performance.js","remote-config":"https://www.gstatic.com/firebasejs/8.3.0/firebase-remote-config.js","firestore.memory":"https://www.gstatic.com/firebasejs/8.3.0/firebase-firestore.memory.js"}}
[info] i  Skipping write of public/index.html 
[info] 
[info] i  Detected a .git folder at G:\ElearningApp\lms 
[info] i  Authorizing with GitHub to upload your service account to a GitHub repository's secrets store. 
[info] 
[info] Visit this URL on this device to log in:
[info] https://github.com/login/oauth/authorize?client_id=89cf50f02ac6aaed3484&state=854955836&redirect_uri=http%3A%2F%2Flocalhost%3A9005&scope=read%3Auser%20repo%20public_repo
[info] 
[info] Waiting for authentication...
[debug] [2021-03-11T13:19:25.850Z] >>> HTTP REQUEST POST https://github.com/login/oauth/access_token  
 {"client_id":"89cf50f02ac6aaed3484","client_secret":"3330d14abc895d9a74d5f17cd7a00711fa2c5bf0","code":"0c6f1c703daf21bfc017","redirect_uri":"http://localhost:9005","state":"854955836"}
[debug] [2021-03-11T13:19:26.859Z] <<< HTTP RESPONSE 200 {"server":"GitHub.com","date":"Thu, 11 Mar 2021 13:19:27 GMT","content-type":"application/json; charset=utf-8","transfer-encoding":"chunked","vary":"X-PJAX, Accept-Encoding, Accept, X-Requested-With","etag":"W/\"515898cf80d1b06fa82090ffc8779e1b\"","cache-control":"max-age=0, private, must-revalidate","strict-transport-security":"max-age=31536000; includeSubdomains; preload","x-frame-options":"deny","x-content-type-options":"nosniff","x-xss-protection":"1; mode=block","referrer-policy":"origin-when-cross-origin, strict-origin-when-cross-origin","expect-ct":"max-age=2592000, report-uri=\"https://api.github.com/_private/browser/errors\"","content-security-policy":"default-src 'none'; base-uri 'self'; block-all-mixed-content; connect-src 'self' uploads.github.com www.githubstatus.com collector.githubapp.com api.github.com github-cloud.s3.amazonaws.com github-production-repository-file-5c1aeb.s3.amazonaws.com github-production-upload-manifest-file-7fdce7.s3.amazonaws.com github-production-user-asset-6210df.s3.amazonaws.com cdn.optimizely.com logx.optimizely.com/v1/events wss://alive.github.com; font-src github.githubassets.com; form-action 'self' github.com gist.github.com; frame-ancestors 'none'; frame-src render.githubusercontent.com; img-src 'self' data: github.githubassets.com identicons.github.com collector.githubapp.com github-cloud.s3.amazonaws.com secured-user-images.githubusercontent.com/ *.githubusercontent.com; manifest-src 'self'; media-src 'none'; script-src github.githubassets.com; style-src 'unsafe-inline' github.githubassets.com; worker-src github.com/socket-worker-6832eced.js gist.github.com/socket-worker-6832eced.js","x-github-request-id":"9C90:210E:17DC0FA:2D1C658:604A18DE"}
[debug] [2021-03-11T13:19:26.862Z] >>> [apiv2][query] GET https://api.github.com/user [none]
[debug] [2021-03-11T13:19:27.863Z] <<< [apiv2][status] GET https://api.github.com/user 200
[debug] [2021-03-11T13:19:27.864Z] <<< [apiv2][body] GET https://api.github.com/user {"login":"shashankbhat2","id":38404074,"node_id":"MDQ6VXNlcjM4NDA0MDc0","avatar_url":"https://avatars.githubusercontent.com/u/38404074?v=4","gravatar_id":"","url":"https://api.github.com/users/shashankbhat2","html_url":"https://github.com/shashankbhat2","followers_url":"https://api.github.com/users/shashankbhat2/followers","following_url":"https://api.github.com/users/shashankbhat2/following{/other_user}","gists_url":"https://api.github.com/users/shashankbhat2/gists{/gist_id}","starred_url":"https://api.github.com/users/shashankbhat2/starred{/owner}{/repo}","subscriptions_url":"https://api.github.com/users/shashankbhat2/subscriptions","organizations_url":"https://api.github.com/users/shashankbhat2/orgs","repos_url":"https://api.github.com/users/shashankbhat2/repos","events_url":"https://api.github.com/users/shashankbhat2/events{/privacy}","received_events_url":"https://api.github.com/users/shashankbhat2/received_events","type":"User","site_admin":false,"name":"Shashank Bhat ","company":null,"blog":"https://shashankbhat.vercel.app/","location":null,"email":null,"hireable":null,"bio":"Web Developer.\r\nLearning & working on React, Next and Node.\r\nLove .js\r\n","twitter_username":null,"public_repos":20,"public_gists":0,"followers":4,"following":40,"created_at":"2018-04-15T16:28:21Z","updated_at":"2021-03-11T13:19:25Z","private_gists":5,"total_private_repos":8,"owned_private_repos":8,"disk_usage":26663,"collaborators":0,"two_factor_authentication":false,"plan":{"name":"free","space":976562499,"collaborators":0,"private_repos":10000}}
[info] 
[info] +  Success! Logged into GitHub as shashankbhat2 
[info] 
[debug] [2021-03-11T13:19:34.602Z] >>> [apiv2][query] GET https://api.github.com/repos//actions/secrets/public-key type=owner
[debug] [2021-03-11T13:19:35.204Z] >>> [apiv2][query] GET https://api.github.com/repos//actions/secrets/public-key type=owner
[debug] [2021-03-11T13:19:35.544Z] <<< [apiv2][status] GET https://api.github.com/repos//actions/secrets/public-key 404
[debug] [2021-03-11T13:19:35.544Z] <<< [apiv2][body] GET https://api.github.com/repos//actions/secrets/public-key {"message":"Not Found","documentation_url":"https://docs.github.com/rest"}
[debug] [2021-03-11T13:19:36.285Z] <<< [apiv2][status] GET https://api.github.com/repos//actions/secrets/public-key 404
[debug] [2021-03-11T13:19:36.286Z] <<< [apiv2][body] GET https://api.github.com/repos//actions/secrets/public-key {"message":"Not Found","documentation_url":"https://docs.github.com/rest"}
[debug] [2021-03-11T13:19:48.185Z] >>> [apiv2][query] GET https://api.github.com/repos/y/actions/secrets/public-key type=owner
[debug] [2021-03-11T13:19:49.412Z] <<< [apiv2][status] GET https://api.github.com/repos/y/actions/secrets/public-key 404
[debug] [2021-03-11T13:19:49.413Z] <<< [apiv2][body] GET https://api.github.com/repos/y/actions/secrets/public-key {"message":"Not Found","documentation_url":"https://docs.github.com/rest"}
[debug] [2021-03-11T13:19:49.584Z] >>> [apiv2][query] GET https://api.github.com/repos/ /actions/secrets/public-key type=owner
[debug] [2021-03-11T13:19:50.632Z] <<< [apiv2][status] GET https://api.github.com/repos/ /actions/secrets/public-key 404
[debug] [2021-03-11T13:19:50.632Z] <<< [apiv2][body] GET https://api.github.com/repos/ /actions/secrets/public-key {"message":"Not Found","documentation_url":"https://docs.github.com/rest"}
[debug] [2021-03-11T13:19:54.402Z] >>> [apiv2][query] GET https://api.github.com/repos//actions/secrets/public-key type=owner
[debug] [2021-03-11T13:19:54.562Z] >>> [apiv2][query] GET https://api.github.com/repos//actions/secrets/public-key type=owner
[debug] [2021-03-11T13:19:54.728Z] >>> [apiv2][query] GET https://api.github.com/repos//actions/secrets/public-key type=owner
[debug] [2021-03-11T13:19:55.115Z] >>> [apiv2][query] GET https://api.github.com/repos/c/actions/secrets/public-key type=owner
[debug] [2021-03-11T13:19:55.423Z] <<< [apiv2][status] GET https://api.github.com/repos//actions/secrets/public-key 404
[debug] [2021-03-11T13:19:55.423Z] <<< [apiv2][body] GET https://api.github.com/repos//actions/secrets/public-key {"message":"Not Found","documentation_url":"https://docs.github.com/rest"}
[debug] [2021-03-11T13:19:55.428Z] <<< [apiv2][status] GET https://api.github.com/repos//actions/secrets/public-key 404
[debug] [2021-03-11T13:19:55.428Z] <<< [apiv2][body] GET https://api.github.com/repos//actions/secrets/public-key {"message":"Not Found","documentation_url":"https://docs.github.com/rest"}
[debug] [2021-03-11T13:19:55.723Z] <<< [apiv2][status] GET https://api.github.com/repos//actions/secrets/public-key 404
[debug] [2021-03-11T13:19:55.723Z] <<< [apiv2][body] GET https://api.github.com/repos//actions/secrets/public-key {"message":"Not Found","documentation_url":"https://docs.github.com/rest"}
[debug] [2021-03-11T13:19:56.032Z] <<< [apiv2][status] GET https://api.github.com/repos/c/actions/secrets/public-key 404
[debug] [2021-03-11T13:19:56.033Z] <<< [apiv2][body] GET https://api.github.com/repos/c/actions/secrets/public-key {"message":"Not Found","documentation_url":"https://docs.github.com/rest"}
[debug] [2021-03-11T13:19:56.697Z] >>> [apiv2][query] GET https://api.github.com/repos/c/actions/secrets/public-key type=owner
[debug] [2021-03-11T13:19:57.683Z] <<< [apiv2][status] GET https://api.github.com/repos/c/actions/secrets/public-key 404
[debug] [2021-03-11T13:19:57.683Z] <<< [apiv2][body] GET https://api.github.com/repos/c/actions/secrets/public-key {"message":"Not Found","documentation_url":"https://docs.github.com/rest"}
[debug] [2021-03-11T13:19:58.738Z] >>> [apiv2][query] GET https://api.github.com/repos//actions/secrets/public-key type=owner
[debug] [2021-03-11T13:19:59.718Z] <<< [apiv2][status] GET https://api.github.com/repos//actions/secrets/public-key 404
[debug] [2021-03-11T13:19:59.718Z] <<< [apiv2][body] GET https://api.github.com/repos//actions/secrets/public-key {"message":"Not Found","documentation_url":"https://docs.github.com/rest"}
[debug] [2021-03-11T13:20:23.630Z] >>> [apiv2][query] GET https://api.github.com/repos/lms/actions/secrets/public-key type=owner
[debug] [2021-03-11T13:20:24.703Z] <<< [apiv2][status] GET https://api.github.com/repos/lms/actions/secrets/public-key 404
[debug] [2021-03-11T13:20:24.704Z] <<< [apiv2][body] GET https://api.github.com/repos/lms/actions/secrets/public-key {"message":"Not Found","documentation_url":"https://docs.github.com/rest"}
[debug] [2021-03-11T13:20:27.279Z] >>> [apiv2][query] GET https://api.github.com/repos/lms/actions/secrets/public-key type=owner
[debug] [2021-03-11T13:20:28.188Z] <<< [apiv2][status] GET https://api.github.com/repos/lms/actions/secrets/public-key 404
[debug] [2021-03-11T13:20:28.189Z] <<< [apiv2][body] GET https://api.github.com/repos/lms/actions/secrets/public-key {"message":"Not Found","documentation_url":"https://docs.github.com/rest"}
